Crashlog created at 2013-09-05 22:54:23 -0400

===== MESSAGE:

LoadError: cannot load such file -- mime/types
Install the 'mime-types' gem using `gem install mime-types`.

===== COMPILATION STACK:

  (empty)

===== STACK TRACE:

  0. C:/Ruby193/lib/ruby/site_ruby/1.9.1/rubygems/custom_require.rb:36:in `require'
  1. C:/Ruby193/lib/ruby/site_ruby/1.9.1/rubygems/custom_require.rb:36:in `require'
  2. C:/Ruby193/lib/ruby/gems/1.9.1/gems/nanoc-3.6.4/lib/nanoc/extra/auto_compiler.rb:17:in `initialize'
  3. C:/Ruby193/lib/ruby/gems/1.9.1/gems/nanoc-3.6.4/lib/nanoc/cli/commands/autocompile.rb:55:in `new'
  4. C:/Ruby193/lib/ruby/gems/1.9.1/gems/nanoc-3.6.4/lib/nanoc/cli/commands/autocompile.rb:55:in `run'
  5. C:/Ruby193/lib/ruby/gems/1.9.1/gems/nanoc-3.6.4/lib/nanoc/cli/command_runner.rb:14:in `block in call'
  6. C:/Ruby193/lib/ruby/gems/1.9.1/gems/nanoc-3.6.4/lib/nanoc/cli/error_handler.rb:70:in `handle_while'
  7. C:/Ruby193/lib/ruby/gems/1.9.1/gems/nanoc-3.6.4/lib/nanoc/cli/error_handler.rb:26:in `handle_while'
  8. C:/Ruby193/lib/ruby/gems/1.9.1/gems/nanoc-3.6.4/lib/nanoc/cli/command_runner.rb:13:in `call'
  9. C:/Ruby193/lib/ruby/gems/1.9.1/gems/cri-2.3.0/lib/cri/command_dsl.rb:185:in `block in runner'
  10. C:/Ruby193/lib/ruby/gems/1.9.1/gems/cri-2.3.0/lib/cri/command.rb:296:in `call'
  11. C:/Ruby193/lib/ruby/gems/1.9.1/gems/cri-2.3.0/lib/cri/command.rb:296:in `run_this'
  12. C:/Ruby193/lib/ruby/gems/1.9.1/gems/cri-2.3.0/lib/cri/command.rb:249:in `run'
  13. C:/Ruby193/lib/ruby/gems/1.9.1/gems/cri-2.3.0/lib/cri/command.rb:262:in `run'
  14. C:/Ruby193/lib/ruby/gems/1.9.1/gems/nanoc-3.6.4/lib/nanoc/cli.rb:52:in `block in run'
  15. C:/Ruby193/lib/ruby/gems/1.9.1/gems/nanoc-3.6.4/lib/nanoc/cli/error_handler.rb:70:in `handle_while'
  16. C:/Ruby193/lib/ruby/gems/1.9.1/gems/nanoc-3.6.4/lib/nanoc/cli/error_handler.rb:26:in `handle_while'
  17. C:/Ruby193/lib/ruby/gems/1.9.1/gems/nanoc-3.6.4/lib/nanoc/cli.rb:50:in `run'
  18. C:/Ruby193/lib/ruby/gems/1.9.1/gems/nanoc-3.6.4/bin/nanoc:19:in `<top (required)>'
  19. C:/Ruby193/bin/nanoc:23:in `load'
  ... 22 more lines omitted. See full crash log for details.

===== VERSION INFORMATION:

nanoc 3.6.4 © 2007-2013 Denis Defreyne.
Running ruby 1.9.3 (2012-10-12) on i386-mingw32 with RubyGems 1.8.24.

===== INSTALLED GEMS:

  adsf 1.1.1
  bigdecimal 1.1.0
  colored 1.2
  cri 2.3.0
  daemons 1.1.9
  eventmachine 1.0.0
  io-console 0.3
  json 1.5.4
  liquid 2.5.0
  minitest 2.5.1
  nanoc 3.6.4
  rack 1.4.1
  rack-protection 1.2.0
  rake 0.9.2.2
  rdoc 3.9.4
  sinatra 1.3.3
  tilt 1.3.3

===== ENVIRONMENT:

ALLUSERSPROFILE => "C:\\ProgramData"
APPDATA => "C:\\Users\\Bheesham\\AppData\\Roaming"
COMPUTERNAME => "TIGER"
ComSpec => "C:\\Windows\\system32\\cmd.exe"
CommonProgramFiles => "C:\\Program Files (x86)\\Common Files"
CommonProgramFiles(x86) => "C:\\Program Files (x86)\\Common Files"
CommonProgramW6432 => "C:\\Program Files\\Common Files"
FP_NO_HOST_CHECK => "NO"
GOPATH => "D:\\Projects\\peerchat"
GOROOT => "D:\\Go\\"
HOME => "C:/Users/Bheesham"
HOMEDRIVE => "C:"
HOMEPATH => "\\Users\\Bheesham"
LOCALAPPDATA => "C:\\Users\\Bheesham\\AppData\\Local"
LOGONSERVER => "\\\\TIGER"
MOZ_PLUGIN_PATH => "D:\\Program Files (x86)\\SumatraPDF\\"
NUMBER_OF_PROCESSORS => "4"
OS => "Windows_NT"
PATHEXT => ".COM;.EXE;.BAT;.CMD;.VBS;.VBE;.JS;.JSE;.WSF;.WSH;.MSC;.RB;.RBW"
PROCESSOR_ARCHITECTURE => "x86"
PROCESSOR_ARCHITEW6432 => "AMD64"
PROCESSOR_IDENTIFIER => "Intel64 Family 6 Model 42 Stepping 7, GenuineIntel"
PROCESSOR_LEVEL => "6"
PROCESSOR_REVISION => "2a07"
PROMPT => "$P$G"
PSModulePath => "C:\\Windows\\system32\\WindowsPowerShell\\v1.0\\Modules\\"
PUBLIC => "C:\\Users\\Public"
Path => "D:\\Program Files (x86)\\ImageMagick-6.8.4-Q16;C:\\Program Files (x86)\\NVIDIA Corporation\\PhysX\\Common;C:\\Program Files (x86)\\MiKTeX 2.9\\miktex\\bin;C:\\Windows\\system32;C:\\Windows;C:\\Windows\\System32\\Wbem;C:\\Windows\\System32\\WindowsPowerShell\\v1.0\\;C:\\Program Files\\Intel\\WiFi\\bin\\;C:\\Program Files\\Common Files\\Intel\\WirelessCommon\\;C:\\Python27;C:\\Python27\\Scripts;C:\\Program Files (x86)\\wkhtmltopdf;C:\\ffmpeg\\bin;C:\\technet;C:\\php;C:\\Git;C:\\Program Files\\MySQL\\MySQL Server 5.5\\bin;C:\\php;D:\\cygwin;C:\\Program Files\\Sublime Text 2;C:\\Program Files\\TortoiseSVN\\bin;D:\\putty;D:\\phantomjs;C:\\Program Files\\nodejs\\;D:\\Program Files (x86)\\GNU\\GnuPG\\pub;D:\\nginx;D:\\mongodb\\bin;D:\\Go\\bin;D:\\Program Files\\TortoiseHg\\;C:\\Ruby193\\bin;C:\\Program Files\\Intel\\WiFi\\bin\\;C:\\Program Files\\Common Files\\Intel\\WirelessCommon\\;C:\\Program Files (x86)\\OpenVPN\\bin;C:\\Users\\Bheesham\\AppData\\Roaming\\npm\\;.;;.;;.;"
ProgramData => "C:\\ProgramData"
ProgramFiles => "C:\\Program Files (x86)"
ProgramFiles(x86) => "C:\\Program Files (x86)"
ProgramW6432 => "C:\\Program Files"
SESSIONNAME => "Console"
SSH_AGENT_PID => "3204"
SSH_AUTH_SOCK => "/tmp/ssh-pdHAGq1816/agent.1816"
SystemDrive => "C:"
SystemRoot => "C:\\Windows"
TEMP => "C:\\Users\\Bheesham\\AppData\\Local\\Temp"
TMP => "C:\\Users\\Bheesham\\AppData\\Local\\Temp"
USER => "Bheesham"
USERDOMAIN => "Tiger"
USERNAME => "Bheesham"
USERPROFILE => "C:\\Users\\Bheesham"
VBOX_INSTALL_PATH => "D:\\Program Files\\Oracle\\VirtualBox\\"
VProject => "d:\\program files (x86)\\steam\\steamapps\\bheesham\\team fortress 2\\tf"
sourcesdk => "d:\\program files (x86)\\steam\\steamapps\\bheesham\\sourcesdk"
windir => "C:\\Windows"

===== LOAD PATHS:

  0. C:/Ruby193/lib/ruby/gems/1.9.1/gems/nanoc-3.6.4/lib
  1. C:/Ruby193/lib/ruby/gems/1.9.1/gems/colored-1.2/lib
  2. C:/Ruby193/lib/ruby/gems/1.9.1/gems/cri-2.3.0/lib
  3. C:/Ruby193/lib/ruby/gems/1.9.1/gems/nanoc-3.6.4/lib
  4. C:/Ruby193/lib/ruby/gems/1.9.1/gems/rack-1.4.1/lib
  5. C:/Ruby193/lib/ruby/site_ruby/1.9.1
  6. C:/Ruby193/lib/ruby/site_ruby/1.9.1/i386-msvcrt
  7. C:/Ruby193/lib/ruby/site_ruby
  8. C:/Ruby193/lib/ruby/vendor_ruby/1.9.1
  9. C:/Ruby193/lib/ruby/vendor_ruby/1.9.1/i386-msvcrt
  10. C:/Ruby193/lib/ruby/vendor_ruby
  11. C:/Ruby193/lib/ruby/1.9.1
  12. C:/Ruby193/lib/ruby/1.9.1/i386-mingw32
